I, [2020-06-01T06:31:19.566407 #3630]  INFO -- default-centos-7: -----> Creating <default-centos-7>...
E, [2020-06-01T06:31:19.586935 #3630] ERROR -- default-centos-7: Create failed on instance <default-centos-7>.
E, [2020-06-01T06:31:19.587018 #3630] ERROR -- default-centos-7: ------Exception-------
E, [2020-06-01T06:31:19.587043 #3630] ERROR -- default-centos-7: Class: Aws::Errors::MissingCredentialsError
E, [2020-06-01T06:31:19.587059 #3630] ERROR -- default-centos-7: Message: unable to sign request without credentials set
E, [2020-06-01T06:31:19.587073 #3630] ERROR -- default-centos-7: ----------------------
E, [2020-06-01T06:31:19.587085 #3630] ERROR -- default-centos-7: ------Backtrace-------
E, [2020-06-01T06:31:19.587097 #3630] ERROR -- default-centos-7: /opt/chefdk/embedded/lib/ruby/gems/2.6.0/gems/aws-sdk-core-3.89.1/lib/aws-sdk-core/plugins/signature_v4.rb:72:in `sign_request'
E, [2020-06-01T06:31:19.587109 #3630] ERROR -- default-centos-7: /opt/chefdk/embedded/lib/ruby/gems/2.6.0/gems/aws-sdk-core-3.89.1/lib/aws-sdk-core/plugins/signature_v4.rb:112:in `apply_signature'
E, [2020-06-01T06:31:19.587127 #3630] ERROR -- default-centos-7: /opt/chefdk/embedded/lib/ruby/gems/2.6.0/gems/aws-sdk-core-3.89.1/lib/aws-sdk-core/plugins/signature_v4.rb:65:in `call'
E, [2020-06-01T06:31:19.587140 #3630] ERROR -- default-centos-7: /opt/chefdk/embedded/lib/ruby/gems/2.6.0/gems/aws-sdk-core-3.89.1/lib/aws-sdk-core/plugins/transfer_encoding.rb:26:in `call'
E, [2020-06-01T06:31:19.587153 #3630] ERROR -- default-centos-7: /opt/chefdk/embedded/lib/ruby/gems/2.6.0/gems/aws-sdk-core-3.89.1/lib/aws-sdk-core/plugins/helpful_socket_errors.rb:10:in `call'
E, [2020-06-01T06:31:19.587164 #3630] ERROR -- default-centos-7: /opt/chefdk/embedded/lib/ruby/gems/2.6.0/gems/aws-sdk-core-3.89.1/lib/aws-sdk-core/plugins/retry_errors.rb:177:in `call'
E, [2020-06-01T06:31:19.587176 #3630] ERROR -- default-centos-7: /opt/chefdk/embedded/lib/ruby/gems/2.6.0/gems/aws-sdk-core-3.89.1/lib/aws-sdk-core/query/handler.rb:28:in `call'
E, [2020-06-01T06:31:19.587195 #3630] ERROR -- default-centos-7: /opt/chefdk/embedded/lib/ruby/gems/2.6.0/gems/aws-sdk-core-3.89.1/lib/aws-sdk-core/plugins/user_agent.rb:11:in `call'
E, [2020-06-01T06:31:19.587210 #3630] ERROR -- default-centos-7: /opt/chefdk/embedded/lib/ruby/gems/2.6.0/gems/aws-sdk-core-3.89.1/lib/aws-sdk-core/plugins/endpoint_pattern.rb:28:in `call'
E, [2020-06-01T06:31:19.587222 #3630] ERROR -- default-centos-7: /opt/chefdk/embedded/lib/ruby/gems/2.6.0/gems/aws-sdk-core-3.89.1/lib/aws-sdk-core/plugins/endpoint_discovery.rb:78:in `call'
E, [2020-06-01T06:31:19.587233 #3630] ERROR -- default-centos-7: /opt/chefdk/embedded/lib/ruby/gems/2.6.0/gems/aws-sdk-core-3.89.1/lib/seahorse/client/plugins/endpoint.rb:45:in `call'
E, [2020-06-01T06:31:19.587245 #3630] ERROR -- default-centos-7: /opt/chefdk/embedded/lib/ruby/gems/2.6.0/gems/aws-sdk-core-3.89.1/lib/aws-sdk-core/plugins/param_validator.rb:24:in `call'
E, [2020-06-01T06:31:19.587257 #3630] ERROR -- default-centos-7: /opt/chefdk/embedded/lib/ruby/gems/2.6.0/gems/aws-sdk-core-3.89.1/lib/seahorse/client/plugins/raise_response_errors.rb:14:in `call'
E, [2020-06-01T06:31:19.587274 #3630] ERROR -- default-centos-7: /opt/chefdk/embedded/lib/ruby/gems/2.6.0/gems/aws-sdk-core-3.89.1/lib/aws-sdk-core/plugins/jsonvalue_converter.rb:20:in `call'
E, [2020-06-01T06:31:19.587287 #3630] ERROR -- default-centos-7: /opt/chefdk/embedded/lib/ruby/gems/2.6.0/gems/aws-sdk-core-3.89.1/lib/aws-sdk-core/plugins/idempotency_token.rb:17:in `call'
E, [2020-06-01T06:31:19.587299 #3630] ERROR -- default-centos-7: /opt/chefdk/embedded/lib/ruby/gems/2.6.0/gems/aws-sdk-core-3.89.1/lib/aws-sdk-core/plugins/param_converter.rb:24:in `call'
E, [2020-06-01T06:31:19.587310 #3630] ERROR -- default-centos-7: /opt/chefdk/embedded/lib/ruby/gems/2.6.0/gems/aws-sdk-core-3.89.1/lib/aws-sdk-core/plugins/response_paging.rb:10:in `call'
E, [2020-06-01T06:31:19.587322 #3630] ERROR -- default-centos-7: /opt/chefdk/embedded/lib/ruby/gems/2.6.0/gems/aws-sdk-core-3.89.1/lib/seahorse/client/plugins/response_target.rb:23:in `call'
E, [2020-06-01T06:31:19.587348 #3630] ERROR -- default-centos-7: /opt/chefdk/embedded/lib/ruby/gems/2.6.0/gems/aws-sdk-core-3.89.1/lib/seahorse/client/request.rb:70:in `send_request'
E, [2020-06-01T06:31:19.587363 #3630] ERROR -- default-centos-7: /opt/chefdk/embedded/lib/ruby/gems/2.6.0/gems/aws-sdk-ec2-1.137.0/lib/aws-sdk-ec2/client.rb:14985:in `describe_images'
E, [2020-06-01T06:31:19.587374 #3630] ERROR -- default-centos-7: /opt/chefdk/embedded/lib/ruby/gems/2.6.0/gems/aws-sdk-ec2-1.137.0/lib/aws-sdk-ec2/image.rb:196:in `load'
E, [2020-06-01T06:31:19.587386 #3630] ERROR -- default-centos-7: /opt/chefdk/embedded/lib/ruby/gems/2.6.0/gems/aws-sdk-ec2-1.137.0/lib/aws-sdk-ec2/image.rb:206:in `data'
E, [2020-06-01T06:31:19.587397 #3630] ERROR -- default-centos-7: /opt/chefdk/embedded/lib/ruby/gems/2.6.0/gems/aws-sdk-ec2-1.137.0/lib/aws-sdk-ec2/image.rb:141:in `name'
E, [2020-06-01T06:31:19.587414 #3630] ERROR -- default-centos-7: /opt/chefdk/embedded/lib/ruby/gems/2.6.0/gems/kitchen-ec2-3.3.0/lib/kitchen/driver/ec2.rb:753:in `show_chosen_image'
E, [2020-06-01T06:31:19.587427 #3630] ERROR -- default-centos-7: /opt/chefdk/embedded/lib/ruby/gems/2.6.0/gems/kitchen-ec2-3.3.0/lib/kitchen/driver/ec2.rb:330:in `image'
E, [2020-06-01T06:31:19.587439 #3630] ERROR -- default-centos-7: /opt/chefdk/embedded/lib/ruby/gems/2.6.0/gems/kitchen-ec2-3.3.0/lib/kitchen/driver/ec2.rb:356:in `actual_platform'
E, [2020-06-01T06:31:19.587450 #3630] ERROR -- default-centos-7: /opt/chefdk/embedded/lib/ruby/gems/2.6.0/gems/kitchen-ec2-3.3.0/lib/kitchen/driver/ec2.rb:386:in `update_username'
E, [2020-06-01T06:31:19.587461 #3630] ERROR -- default-centos-7: /opt/chefdk/embedded/lib/ruby/gems/2.6.0/gems/kitchen-ec2-3.3.0/lib/kitchen/driver/ec2.rb:200:in `create'
E, [2020-06-01T06:31:19.587477 #3630] ERROR -- default-centos-7: /opt/chefdk/embedded/lib/ruby/gems/2.6.0/gems/test-kitchen-2.3.4/lib/kitchen/instance.rb:485:in `public_send'
E, [2020-06-01T06:31:19.587490 #3630] ERROR -- default-centos-7: /opt/chefdk/embedded/lib/ruby/gems/2.6.0/gems/test-kitchen-2.3.4/lib/kitchen/instance.rb:485:in `block in perform_action'
E, [2020-06-01T06:31:19.587502 #3630] ERROR -- default-centos-7: /opt/chefdk/embedded/lib/ruby/gems/2.6.0/gems/test-kitchen-2.3.4/lib/kitchen/instance.rb:552:in `synchronize_or_call'
E, [2020-06-01T06:31:19.587514 #3630] ERROR -- default-centos-7: /opt/chefdk/embedded/lib/ruby/gems/2.6.0/gems/test-kitchen-2.3.4/lib/kitchen/instance.rb:514:in `block in action'
E, [2020-06-01T06:31:19.587525 #3630] ERROR -- default-centos-7: /opt/chefdk/embedded/lib/ruby/2.6.0/benchmark.rb:293:in `measure'
E, [2020-06-01T06:31:19.587540 #3630] ERROR -- default-centos-7: /opt/chefdk/embedded/lib/ruby/gems/2.6.0/gems/test-kitchen-2.3.4/lib/kitchen/instance.rb:513:in `action'
E, [2020-06-01T06:31:19.587554 #3630] ERROR -- default-centos-7: /opt/chefdk/embedded/lib/ruby/gems/2.6.0/gems/test-kitchen-2.3.4/lib/kitchen/instance.rb:485:in `perform_action'
E, [2020-06-01T06:31:19.587566 #3630] ERROR -- default-centos-7: /opt/chefdk/embedded/lib/ruby/gems/2.6.0/gems/test-kitchen-2.3.4/lib/kitchen/instance.rb:394:in `create_action'
E, [2020-06-01T06:31:19.587578 #3630] ERROR -- default-centos-7: /opt/chefdk/embedded/lib/ruby/gems/2.6.0/gems/test-kitchen-2.3.4/lib/kitchen/instance.rb:382:in `block (2 levels) in transition_to'
E, [2020-06-01T06:31:19.587590 #3630] ERROR -- default-centos-7: /opt/chefdk/embedded/lib/ruby/gems/2.6.0/gems/test-kitchen-2.3.4/lib/kitchen/lifecycle_hooks.rb:45:in `run_with_hooks'
E, [2020-06-01T06:31:19.587601 #3630] ERROR -- default-centos-7: /opt/chefdk/embedded/lib/ruby/gems/2.6.0/gems/test-kitchen-2.3.4/lib/kitchen/instance.rb:381:in `block in transition_to'
E, [2020-06-01T06:31:19.587619 #3630] ERROR -- default-centos-7: /opt/chefdk/embedded/lib/ruby/gems/2.6.0/gems/test-kitchen-2.3.4/lib/kitchen/instance.rb:380:in `each'
E, [2020-06-01T06:31:19.587632 #3630] ERROR -- default-centos-7: /opt/chefdk/embedded/lib/ruby/gems/2.6.0/gems/test-kitchen-2.3.4/lib/kitchen/instance.rb:380:in `transition_to'
E, [2020-06-01T06:31:19.587644 #3630] ERROR -- default-centos-7: /opt/chefdk/embedded/lib/ruby/gems/2.6.0/gems/test-kitchen-2.3.4/lib/kitchen/instance.rb:129:in `create'
E, [2020-06-01T06:31:19.587659 #3630] ERROR -- default-centos-7: /opt/chefdk/embedded/lib/ruby/gems/2.6.0/gems/test-kitchen-2.3.4/lib/kitchen/command.rb:198:in `public_send'
E, [2020-06-01T06:31:19.587672 #3630] ERROR -- default-centos-7: /opt/chefdk/embedded/lib/ruby/gems/2.6.0/gems/test-kitchen-2.3.4/lib/kitchen/command.rb:198:in `run_action_in_thread'
E, [2020-06-01T06:31:19.588918 #3630] ERROR -- default-centos-7: /opt/chefdk/embedded/lib/ruby/gems/2.6.0/gems/test-kitchen-2.3.4/lib/kitchen/command.rb:169:in `block (2 levels) in run_action'
E, [2020-06-01T06:31:19.588942 #3630] ERROR -- default-centos-7: /opt/chefdk/embedded/lib/ruby/gems/2.6.0/gems/logging-2.2.2/lib/logging/diagnostic_context.rb:474:in `block in create_with_logging_context'
E, [2020-06-01T06:31:19.588956 #3630] ERROR -- default-centos-7: ----End Backtrace-----
