I, [2020-06-01T06:37:20.423568 #3644]  INFO -- default-Amazon Linux: -----> Creating <default-Amazon Linux>...
E, [2020-06-01T06:37:20.453131 #3644] ERROR -- default-Amazon Linux: Create failed on instance <default-Amazon Linux>.
E, [2020-06-01T06:37:20.453227 #3644] ERROR -- default-Amazon Linux: ------Exception-------
E, [2020-06-01T06:37:20.453249 #3644] ERROR -- default-Amazon Linux: Class: Aws::Errors::MissingCredentialsError
E, [2020-06-01T06:37:20.453262 #3644] ERROR -- default-Amazon Linux: Message: unable to sign request without credentials set
E, [2020-06-01T06:37:20.453276 #3644] ERROR -- default-Amazon Linux: ----------------------
E, [2020-06-01T06:37:20.453289 #3644] ERROR -- default-Amazon Linux: ------Backtrace-------
E, [2020-06-01T06:37:20.453306 #3644] ERROR -- default-Amazon Linux: /opt/chefdk/embedded/lib/ruby/gems/2.6.0/gems/aws-sdk-core-3.89.1/lib/aws-sdk-core/plugins/signature_v4.rb:72:in `sign_request'
E, [2020-06-01T06:37:20.453319 #3644] ERROR -- default-Amazon Linux: /opt/chefdk/embedded/lib/ruby/gems/2.6.0/gems/aws-sdk-core-3.89.1/lib/aws-sdk-core/plugins/signature_v4.rb:112:in `apply_signature'
E, [2020-06-01T06:37:20.453332 #3644] ERROR -- default-Amazon Linux: /opt/chefdk/embedded/lib/ruby/gems/2.6.0/gems/aws-sdk-core-3.89.1/lib/aws-sdk-core/plugins/signature_v4.rb:65:in `call'
E, [2020-06-01T06:37:20.453344 #3644] ERROR -- default-Amazon Linux: /opt/chefdk/embedded/lib/ruby/gems/2.6.0/gems/aws-sdk-core-3.89.1/lib/aws-sdk-core/plugins/transfer_encoding.rb:26:in `call'
E, [2020-06-01T06:37:20.453356 #3644] ERROR -- default-Amazon Linux: /opt/chefdk/embedded/lib/ruby/gems/2.6.0/gems/aws-sdk-core-3.89.1/lib/aws-sdk-core/plugins/helpful_socket_errors.rb:10:in `call'
E, [2020-06-01T06:37:20.453368 #3644] ERROR -- default-Amazon Linux: /opt/chefdk/embedded/lib/ruby/gems/2.6.0/gems/aws-sdk-core-3.89.1/lib/aws-sdk-core/plugins/retry_errors.rb:177:in `call'
E, [2020-06-01T06:37:20.453385 #3644] ERROR -- default-Amazon Linux: /opt/chefdk/embedded/lib/ruby/gems/2.6.0/gems/aws-sdk-core-3.89.1/lib/aws-sdk-core/query/handler.rb:28:in `call'
E, [2020-06-01T06:37:20.453399 #3644] ERROR -- default-Amazon Linux: /opt/chefdk/embedded/lib/ruby/gems/2.6.0/gems/aws-sdk-core-3.89.1/lib/aws-sdk-core/plugins/user_agent.rb:11:in `call'
E, [2020-06-01T06:37:20.453411 #3644] ERROR -- default-Amazon Linux: /opt/chefdk/embedded/lib/ruby/gems/2.6.0/gems/aws-sdk-core-3.89.1/lib/aws-sdk-core/plugins/endpoint_pattern.rb:28:in `call'
E, [2020-06-01T06:37:20.453423 #3644] ERROR -- default-Amazon Linux: /opt/chefdk/embedded/lib/ruby/gems/2.6.0/gems/aws-sdk-core-3.89.1/lib/aws-sdk-core/plugins/endpoint_discovery.rb:78:in `call'
E, [2020-06-01T06:37:20.453435 #3644] ERROR -- default-Amazon Linux: /opt/chefdk/embedded/lib/ruby/gems/2.6.0/gems/aws-sdk-core-3.89.1/lib/seahorse/client/plugins/endpoint.rb:45:in `call'
E, [2020-06-01T06:37:20.453447 #3644] ERROR -- default-Amazon Linux: /opt/chefdk/embedded/lib/ruby/gems/2.6.0/gems/aws-sdk-core-3.89.1/lib/aws-sdk-core/plugins/param_validator.rb:24:in `call'
E, [2020-06-01T06:37:20.453463 #3644] ERROR -- default-Amazon Linux: /opt/chefdk/embedded/lib/ruby/gems/2.6.0/gems/aws-sdk-core-3.89.1/lib/seahorse/client/plugins/raise_response_errors.rb:14:in `call'
E, [2020-06-01T06:37:20.453475 #3644] ERROR -- default-Amazon Linux: /opt/chefdk/embedded/lib/ruby/gems/2.6.0/gems/aws-sdk-core-3.89.1/lib/aws-sdk-core/plugins/jsonvalue_converter.rb:20:in `call'
E, [2020-06-01T06:37:20.453486 #3644] ERROR -- default-Amazon Linux: /opt/chefdk/embedded/lib/ruby/gems/2.6.0/gems/aws-sdk-core-3.89.1/lib/aws-sdk-core/plugins/idempotency_token.rb:17:in `call'
E, [2020-06-01T06:37:20.453498 #3644] ERROR -- default-Amazon Linux: /opt/chefdk/embedded/lib/ruby/gems/2.6.0/gems/aws-sdk-core-3.89.1/lib/aws-sdk-core/plugins/param_converter.rb:24:in `call'
E, [2020-06-01T06:37:20.453510 #3644] ERROR -- default-Amazon Linux: /opt/chefdk/embedded/lib/ruby/gems/2.6.0/gems/aws-sdk-core-3.89.1/lib/aws-sdk-core/plugins/response_paging.rb:10:in `call'
E, [2020-06-01T06:37:20.453525 #3644] ERROR -- default-Amazon Linux: /opt/chefdk/embedded/lib/ruby/gems/2.6.0/gems/aws-sdk-core-3.89.1/lib/seahorse/client/plugins/response_target.rb:23:in `call'
E, [2020-06-01T06:37:20.453548 #3644] ERROR -- default-Amazon Linux: /opt/chefdk/embedded/lib/ruby/gems/2.6.0/gems/aws-sdk-core-3.89.1/lib/seahorse/client/request.rb:70:in `send_request'
E, [2020-06-01T06:37:20.453566 #3644] ERROR -- default-Amazon Linux: /opt/chefdk/embedded/lib/ruby/gems/2.6.0/gems/aws-sdk-ec2-1.137.0/lib/aws-sdk-ec2/client.rb:14985:in `describe_images'
E, [2020-06-01T06:37:20.453579 #3644] ERROR -- default-Amazon Linux: /opt/chefdk/embedded/lib/ruby/gems/2.6.0/gems/aws-sdk-ec2-1.137.0/lib/aws-sdk-ec2/image.rb:196:in `load'
E, [2020-06-01T06:37:20.453591 #3644] ERROR -- default-Amazon Linux: /opt/chefdk/embedded/lib/ruby/gems/2.6.0/gems/aws-sdk-ec2-1.137.0/lib/aws-sdk-ec2/image.rb:206:in `data'
E, [2020-06-01T06:37:20.453608 #3644] ERROR -- default-Amazon Linux: /opt/chefdk/embedded/lib/ruby/gems/2.6.0/gems/aws-sdk-ec2-1.137.0/lib/aws-sdk-ec2/image.rb:141:in `name'
E, [2020-06-01T06:37:20.453621 #3644] ERROR -- default-Amazon Linux: /opt/chefdk/embedded/lib/ruby/gems/2.6.0/gems/kitchen-ec2-3.3.0/lib/kitchen/driver/ec2.rb:753:in `show_chosen_image'
E, [2020-06-01T06:37:20.453634 #3644] ERROR -- default-Amazon Linux: /opt/chefdk/embedded/lib/ruby/gems/2.6.0/gems/kitchen-ec2-3.3.0/lib/kitchen/driver/ec2.rb:330:in `image'
E, [2020-06-01T06:37:20.453645 #3644] ERROR -- default-Amazon Linux: /opt/chefdk/embedded/lib/ruby/gems/2.6.0/gems/kitchen-ec2-3.3.0/lib/kitchen/driver/ec2.rb:356:in `actual_platform'
E, [2020-06-01T06:37:20.453657 #3644] ERROR -- default-Amazon Linux: /opt/chefdk/embedded/lib/ruby/gems/2.6.0/gems/kitchen-ec2-3.3.0/lib/kitchen/driver/ec2.rb:386:in `update_username'
E, [2020-06-01T06:37:20.453673 #3644] ERROR -- default-Amazon Linux: /opt/chefdk/embedded/lib/ruby/gems/2.6.0/gems/kitchen-ec2-3.3.0/lib/kitchen/driver/ec2.rb:200:in `create'
E, [2020-06-01T06:37:20.453686 #3644] ERROR -- default-Amazon Linux: /opt/chefdk/embedded/lib/ruby/gems/2.6.0/gems/test-kitchen-2.3.4/lib/kitchen/instance.rb:485:in `public_send'
E, [2020-06-01T06:37:20.453699 #3644] ERROR -- default-Amazon Linux: /opt/chefdk/embedded/lib/ruby/gems/2.6.0/gems/test-kitchen-2.3.4/lib/kitchen/instance.rb:485:in `block in perform_action'
E, [2020-06-01T06:37:20.453710 #3644] ERROR -- default-Amazon Linux: /opt/chefdk/embedded/lib/ruby/gems/2.6.0/gems/test-kitchen-2.3.4/lib/kitchen/instance.rb:552:in `synchronize_or_call'
E, [2020-06-01T06:37:20.453722 #3644] ERROR -- default-Amazon Linux: /opt/chefdk/embedded/lib/ruby/gems/2.6.0/gems/test-kitchen-2.3.4/lib/kitchen/instance.rb:514:in `block in action'
E, [2020-06-01T06:37:20.453738 #3644] ERROR -- default-Amazon Linux: /opt/chefdk/embedded/lib/ruby/2.6.0/benchmark.rb:293:in `measure'
E, [2020-06-01T06:37:20.453751 #3644] ERROR -- default-Amazon Linux: /opt/chefdk/embedded/lib/ruby/gems/2.6.0/gems/test-kitchen-2.3.4/lib/kitchen/instance.rb:513:in `action'
E, [2020-06-01T06:37:20.453762 #3644] ERROR -- default-Amazon Linux: /opt/chefdk/embedded/lib/ruby/gems/2.6.0/gems/test-kitchen-2.3.4/lib/kitchen/instance.rb:485:in `perform_action'
E, [2020-06-01T06:37:20.453774 #3644] ERROR -- default-Amazon Linux: /opt/chefdk/embedded/lib/ruby/gems/2.6.0/gems/test-kitchen-2.3.4/lib/kitchen/instance.rb:394:in `create_action'
E, [2020-06-01T06:37:20.453785 #3644] ERROR -- default-Amazon Linux: /opt/chefdk/embedded/lib/ruby/gems/2.6.0/gems/test-kitchen-2.3.4/lib/kitchen/instance.rb:382:in `block (2 levels) in transition_to'
E, [2020-06-01T06:37:20.453797 #3644] ERROR -- default-Amazon Linux: /opt/chefdk/embedded/lib/ruby/gems/2.6.0/gems/test-kitchen-2.3.4/lib/kitchen/lifecycle_hooks.rb:45:in `run_with_hooks'
E, [2020-06-01T06:37:20.455003 #3644] ERROR -- default-Amazon Linux: /opt/chefdk/embedded/lib/ruby/gems/2.6.0/gems/test-kitchen-2.3.4/lib/kitchen/instance.rb:381:in `block in transition_to'
E, [2020-06-01T06:37:20.455024 #3644] ERROR -- default-Amazon Linux: /opt/chefdk/embedded/lib/ruby/gems/2.6.0/gems/test-kitchen-2.3.4/lib/kitchen/instance.rb:380:in `each'
E, [2020-06-01T06:37:20.455037 #3644] ERROR -- default-Amazon Linux: /opt/chefdk/embedded/lib/ruby/gems/2.6.0/gems/test-kitchen-2.3.4/lib/kitchen/instance.rb:380:in `transition_to'
E, [2020-06-01T06:37:20.455054 #3644] ERROR -- default-Amazon Linux: /opt/chefdk/embedded/lib/ruby/gems/2.6.0/gems/test-kitchen-2.3.4/lib/kitchen/instance.rb:129:in `create'
E, [2020-06-01T06:37:20.455067 #3644] ERROR -- default-Amazon Linux: /opt/chefdk/embedded/lib/ruby/gems/2.6.0/gems/test-kitchen-2.3.4/lib/kitchen/command.rb:198:in `public_send'
E, [2020-06-01T06:37:20.455085 #3644] ERROR -- default-Amazon Linux: /opt/chefdk/embedded/lib/ruby/gems/2.6.0/gems/test-kitchen-2.3.4/lib/kitchen/command.rb:198:in `run_action_in_thread'
E, [2020-06-01T06:37:20.455098 #3644] ERROR -- default-Amazon Linux: /opt/chefdk/embedded/lib/ruby/gems/2.6.0/gems/test-kitchen-2.3.4/lib/kitchen/command.rb:169:in `block (2 levels) in run_action'
E, [2020-06-01T06:37:20.455110 #3644] ERROR -- default-Amazon Linux: /opt/chefdk/embedded/lib/ruby/gems/2.6.0/gems/logging-2.2.2/lib/logging/diagnostic_context.rb:474:in `block in create_with_logging_context'
E, [2020-06-01T06:37:20.455122 #3644] ERROR -- default-Amazon Linux: ----End Backtrace-----
