I, [2020-06-01T06:37:18.876867 #3644]  INFO -- Kitchen: -----> Starting Test Kitchen (v2.3.4)
I, [2020-06-01T06:37:20.423483 #3644]  INFO -- Kitchen: -----> Creating <default-Amazon Linux>...
E, [2020-06-01T06:37:20.455771 #3644] ERROR -- Kitchen: ------Exception-------
E, [2020-06-01T06:37:20.455807 #3644] ERROR -- Kitchen: Class: Kitchen::ActionFailed
E, [2020-06-01T06:37:20.455824 #3644] ERROR -- Kitchen: Message: 1 actions failed.
>>>>>>     Failed to complete #create action: [unable to sign request without credentials set] on default-Amazon Linux
E, [2020-06-01T06:37:20.455840 #3644] ERROR -- Kitchen: ----------------------
E, [2020-06-01T06:37:20.455855 #3644] ERROR -- Kitchen: ------Backtrace-------
E, [2020-06-01T06:37:20.455868 #3644] ERROR -- Kitchen: /opt/chefdk/embedded/lib/ruby/gems/2.6.0/gems/test-kitchen-2.3.4/lib/kitchen/command.rb:184:in `report_errors'
E, [2020-06-01T06:37:20.455883 #3644] ERROR -- Kitchen: /opt/chefdk/embedded/lib/ruby/gems/2.6.0/gems/test-kitchen-2.3.4/lib/kitchen/command.rb:175:in `run_action'
E, [2020-06-01T06:37:20.455897 #3644] ERROR -- Kitchen: /opt/chefdk/embedded/lib/ruby/gems/2.6.0/gems/test-kitchen-2.3.4/lib/kitchen/command/action.rb:36:in `block in call'
E, [2020-06-01T06:37:20.455911 #3644] ERROR -- Kitchen: /opt/chefdk/embedded/lib/ruby/2.6.0/benchmark.rb:293:in `measure'
E, [2020-06-01T06:37:20.455925 #3644] ERROR -- Kitchen: /opt/chefdk/embedded/lib/ruby/gems/2.6.0/gems/test-kitchen-2.3.4/lib/kitchen/command/action.rb:34:in `call'
E, [2020-06-01T06:37:20.455939 #3644] ERROR -- Kitchen: /opt/chefdk/embedded/lib/ruby/gems/2.6.0/gems/test-kitchen-2.3.4/lib/kitchen/cli.rb:52:in `perform'
E, [2020-06-01T06:37:20.455953 #3644] ERROR -- Kitchen: /opt/chefdk/embedded/lib/ruby/gems/2.6.0/gems/test-kitchen-2.3.4/lib/kitchen/cli.rb:198:in `block (2 levels) in <class:CLI>'
E, [2020-06-01T06:37:20.455967 #3644] ERROR -- Kitchen: /opt/chefdk/embedded/lib/ruby/gems/2.6.0/gems/thor-0.20.3/lib/thor/command.rb:27:in `run'
E, [2020-06-01T06:37:20.455980 #3644] ERROR -- Kitchen: /opt/chefdk/embedded/lib/ruby/gems/2.6.0/gems/thor-0.20.3/lib/thor/invocation.rb:126:in `invoke_command'
E, [2020-06-01T06:37:20.455995 #3644] ERROR -- Kitchen: /opt/chefdk/embedded/lib/ruby/gems/2.6.0/gems/thor-0.20.3/lib/thor.rb:387:in `dispatch'
E, [2020-06-01T06:37:20.457213 #3644] ERROR -- Kitchen: /opt/chefdk/embedded/lib/ruby/gems/2.6.0/gems/thor-0.20.3/lib/thor/base.rb:466:in `start'
E, [2020-06-01T06:37:20.457247 #3644] ERROR -- Kitchen: /opt/chefdk/embedded/lib/ruby/gems/2.6.0/gems/test-kitchen-2.3.4/bin/kitchen:13:in `block in <top (required)>'
E, [2020-06-01T06:37:20.457265 #3644] ERROR -- Kitchen: /opt/chefdk/embedded/lib/ruby/gems/2.6.0/gems/test-kitchen-2.3.4/lib/kitchen/errors.rb:171:in `with_friendly_errors'
E, [2020-06-01T06:37:20.457280 #3644] ERROR -- Kitchen: /opt/chefdk/embedded/lib/ruby/gems/2.6.0/gems/test-kitchen-2.3.4/bin/kitchen:13:in `<top (required)>'
E, [2020-06-01T06:37:20.457295 #3644] ERROR -- Kitchen: /bin/kitchen:349:in `load'
E, [2020-06-01T06:37:20.457308 #3644] ERROR -- Kitchen: /bin/kitchen:349:in `<main>'
E, [2020-06-01T06:37:20.457322 #3644] ERROR -- Kitchen: ----End Backtrace-----
E, [2020-06-01T06:37:20.457335 #3644] ERROR -- Kitchen: -Composite Exception--
E, [2020-06-01T06:37:20.457348 #3644] ERROR -- Kitchen: Class: Kitchen::ActionFailed
E, [2020-06-01T06:37:20.457361 #3644] ERROR -- Kitchen: Message: Failed to complete #create action: [unable to sign request without credentials set] on default-Amazon Linux
E, [2020-06-01T06:37:20.457375 #3644] ERROR -- Kitchen: ----------------------
E, [2020-06-01T06:37:20.457388 #3644] ERROR -- Kitchen: ------Backtrace-------
E, [2020-06-01T06:37:20.457401 #3644] ERROR -- Kitchen: /opt/chefdk/embedded/lib/ruby/gems/2.6.0/gems/aws-sdk-core-3.89.1/lib/aws-sdk-core/plugins/signature_v4.rb:72:in `sign_request'
E, [2020-06-01T06:37:20.457415 #3644] ERROR -- Kitchen: /opt/chefdk/embedded/lib/ruby/gems/2.6.0/gems/aws-sdk-core-3.89.1/lib/aws-sdk-core/plugins/signature_v4.rb:112:in `apply_signature'
E, [2020-06-01T06:37:20.457429 #3644] ERROR -- Kitchen: /opt/chefdk/embedded/lib/ruby/gems/2.6.0/gems/aws-sdk-core-3.89.1/lib/aws-sdk-core/plugins/signature_v4.rb:65:in `call'
E, [2020-06-01T06:37:20.457448 #3644] ERROR -- Kitchen: /opt/chefdk/embedded/lib/ruby/gems/2.6.0/gems/aws-sdk-core-3.89.1/lib/aws-sdk-core/plugins/transfer_encoding.rb:26:in `call'
E, [2020-06-01T06:37:20.457464 #3644] ERROR -- Kitchen: /opt/chefdk/embedded/lib/ruby/gems/2.6.0/gems/aws-sdk-core-3.89.1/lib/aws-sdk-core/plugins/helpful_socket_errors.rb:10:in `call'
E, [2020-06-01T06:37:20.457478 #3644] ERROR -- Kitchen: /opt/chefdk/embedded/lib/ruby/gems/2.6.0/gems/aws-sdk-core-3.89.1/lib/aws-sdk-core/plugins/retry_errors.rb:177:in `call'
E, [2020-06-01T06:37:20.457491 #3644] ERROR -- Kitchen: /opt/chefdk/embedded/lib/ruby/gems/2.6.0/gems/aws-sdk-core-3.89.1/lib/aws-sdk-core/query/handler.rb:28:in `call'
E, [2020-06-01T06:37:20.457505 #3644] ERROR -- Kitchen: /opt/chefdk/embedded/lib/ruby/gems/2.6.0/gems/aws-sdk-core-3.89.1/lib/aws-sdk-core/plugins/user_agent.rb:11:in `call'
E, [2020-06-01T06:37:20.457518 #3644] ERROR -- Kitchen: /opt/chefdk/embedded/lib/ruby/gems/2.6.0/gems/aws-sdk-core-3.89.1/lib/aws-sdk-core/plugins/endpoint_pattern.rb:28:in `call'
E, [2020-06-01T06:37:20.457531 #3644] ERROR -- Kitchen: /opt/chefdk/embedded/lib/ruby/gems/2.6.0/gems/aws-sdk-core-3.89.1/lib/aws-sdk-core/plugins/endpoint_discovery.rb:78:in `call'
E, [2020-06-01T06:37:20.457545 #3644] ERROR -- Kitchen: /opt/chefdk/embedded/lib/ruby/gems/2.6.0/gems/aws-sdk-core-3.89.1/lib/seahorse/client/plugins/endpoint.rb:45:in `call'
E, [2020-06-01T06:37:20.457558 #3644] ERROR -- Kitchen: /opt/chefdk/embedded/lib/ruby/gems/2.6.0/gems/aws-sdk-core-3.89.1/lib/aws-sdk-core/plugins/param_validator.rb:24:in `call'
E, [2020-06-01T06:37:20.457572 #3644] ERROR -- Kitchen: /opt/chefdk/embedded/lib/ruby/gems/2.6.0/gems/aws-sdk-core-3.89.1/lib/seahorse/client/plugins/raise_response_errors.rb:14:in `call'
E, [2020-06-01T06:37:20.457585 #3644] ERROR -- Kitchen: /opt/chefdk/embedded/lib/ruby/gems/2.6.0/gems/aws-sdk-core-3.89.1/lib/aws-sdk-core/plugins/jsonvalue_converter.rb:20:in `call'
E, [2020-06-01T06:37:20.457598 #3644] ERROR -- Kitchen: /opt/chefdk/embedded/lib/ruby/gems/2.6.0/gems/aws-sdk-core-3.89.1/lib/aws-sdk-core/plugins/idempotency_token.rb:17:in `call'
E, [2020-06-01T06:37:20.457612 #3644] ERROR -- Kitchen: /opt/chefdk/embedded/lib/ruby/gems/2.6.0/gems/aws-sdk-core-3.89.1/lib/aws-sdk-core/plugins/param_converter.rb:24:in `call'
E, [2020-06-01T06:37:20.457626 #3644] ERROR -- Kitchen: /opt/chefdk/embedded/lib/ruby/gems/2.6.0/gems/aws-sdk-core-3.89.1/lib/aws-sdk-core/plugins/response_paging.rb:10:in `call'
E, [2020-06-01T06:37:20.457639 #3644] ERROR -- Kitchen: /opt/chefdk/embedded/lib/ruby/gems/2.6.0/gems/aws-sdk-core-3.89.1/lib/seahorse/client/plugins/response_target.rb:23:in `call'
E, [2020-06-01T06:37:20.457653 #3644] ERROR -- Kitchen: /opt/chefdk/embedded/lib/ruby/gems/2.6.0/gems/aws-sdk-core-3.89.1/lib/seahorse/client/request.rb:70:in `send_request'
E, [2020-06-01T06:37:20.457666 #3644] ERROR -- Kitchen: /opt/chefdk/embedded/lib/ruby/gems/2.6.0/gems/aws-sdk-ec2-1.137.0/lib/aws-sdk-ec2/client.rb:14985:in `describe_images'
E, [2020-06-01T06:37:20.457679 #3644] ERROR -- Kitchen: /opt/chefdk/embedded/lib/ruby/gems/2.6.0/gems/aws-sdk-ec2-1.137.0/lib/aws-sdk-ec2/image.rb:196:in `load'
E, [2020-06-01T06:37:20.457697 #3644] ERROR -- Kitchen: /opt/chefdk/embedded/lib/ruby/gems/2.6.0/gems/aws-sdk-ec2-1.137.0/lib/aws-sdk-ec2/image.rb:206:in `data'
E, [2020-06-01T06:37:20.457712 #3644] ERROR -- Kitchen: /opt/chefdk/embedded/lib/ruby/gems/2.6.0/gems/aws-sdk-ec2-1.137.0/lib/aws-sdk-ec2/image.rb:141:in `name'
E, [2020-06-01T06:37:20.457726 #3644] ERROR -- Kitchen: /opt/chefdk/embedded/lib/ruby/gems/2.6.0/gems/kitchen-ec2-3.3.0/lib/kitchen/driver/ec2.rb:753:in `show_chosen_image'
E, [2020-06-01T06:37:20.457740 #3644] ERROR -- Kitchen: /opt/chefdk/embedded/lib/ruby/gems/2.6.0/gems/kitchen-ec2-3.3.0/lib/kitchen/driver/ec2.rb:330:in `image'
E, [2020-06-01T06:37:20.457754 #3644] ERROR -- Kitchen: /opt/chefdk/embedded/lib/ruby/gems/2.6.0/gems/kitchen-ec2-3.3.0/lib/kitchen/driver/ec2.rb:356:in `actual_platform'
E, [2020-06-01T06:37:20.457770 #3644] ERROR -- Kitchen: /opt/chefdk/embedded/lib/ruby/gems/2.6.0/gems/kitchen-ec2-3.3.0/lib/kitchen/driver/ec2.rb:386:in `update_username'
E, [2020-06-01T06:37:20.457785 #3644] ERROR -- Kitchen: /opt/chefdk/embedded/lib/ruby/gems/2.6.0/gems/kitchen-ec2-3.3.0/lib/kitchen/driver/ec2.rb:200:in `create'
E, [2020-06-01T06:37:20.457799 #3644] ERROR -- Kitchen: /opt/chefdk/embedded/lib/ruby/gems/2.6.0/gems/test-kitchen-2.3.4/lib/kitchen/instance.rb:485:in `public_send'
E, [2020-06-01T06:37:20.457813 #3644] ERROR -- Kitchen: /opt/chefdk/embedded/lib/ruby/gems/2.6.0/gems/test-kitchen-2.3.4/lib/kitchen/instance.rb:485:in `block in perform_action'
E, [2020-06-01T06:37:20.457826 #3644] ERROR -- Kitchen: /opt/chefdk/embedded/lib/ruby/gems/2.6.0/gems/test-kitchen-2.3.4/lib/kitchen/instance.rb:552:in `synchronize_or_call'
E, [2020-06-01T06:37:20.457840 #3644] ERROR -- Kitchen: /opt/chefdk/embedded/lib/ruby/gems/2.6.0/gems/test-kitchen-2.3.4/lib/kitchen/instance.rb:514:in `block in action'
E, [2020-06-01T06:37:20.457853 #3644] ERROR -- Kitchen: /opt/chefdk/embedded/lib/ruby/2.6.0/benchmark.rb:293:in `measure'
E, [2020-06-01T06:37:20.457866 #3644] ERROR -- Kitchen: /opt/chefdk/embedded/lib/ruby/gems/2.6.0/gems/test-kitchen-2.3.4/lib/kitchen/instance.rb:513:in `action'
E, [2020-06-01T06:37:20.457879 #3644] ERROR -- Kitchen: /opt/chefdk/embedded/lib/ruby/gems/2.6.0/gems/test-kitchen-2.3.4/lib/kitchen/instance.rb:485:in `perform_action'
E, [2020-06-01T06:37:20.457892 #3644] ERROR -- Kitchen: /opt/chefdk/embedded/lib/ruby/gems/2.6.0/gems/test-kitchen-2.3.4/lib/kitchen/instance.rb:394:in `create_action'
E, [2020-06-01T06:37:20.457906 #3644] ERROR -- Kitchen: /opt/chefdk/embedded/lib/ruby/gems/2.6.0/gems/test-kitchen-2.3.4/lib/kitchen/instance.rb:382:in `block (2 levels) in transition_to'
E, [2020-06-01T06:37:20.457920 #3644] ERROR -- Kitchen: /opt/chefdk/embedded/lib/ruby/gems/2.6.0/gems/test-kitchen-2.3.4/lib/kitchen/lifecycle_hooks.rb:45:in `run_with_hooks'
E, [2020-06-01T06:37:20.457933 #3644] ERROR -- Kitchen: /opt/chefdk/embedded/lib/ruby/gems/2.6.0/gems/test-kitchen-2.3.4/lib/kitchen/instance.rb:381:in `block in transition_to'
E, [2020-06-01T06:37:20.457947 #3644] ERROR -- Kitchen: /opt/chefdk/embedded/lib/ruby/gems/2.6.0/gems/test-kitchen-2.3.4/lib/kitchen/instance.rb:380:in `each'
E, [2020-06-01T06:37:20.457960 #3644] ERROR -- Kitchen: /opt/chefdk/embedded/lib/ruby/gems/2.6.0/gems/test-kitchen-2.3.4/lib/kitchen/instance.rb:380:in `transition_to'
E, [2020-06-01T06:37:20.457973 #3644] ERROR -- Kitchen: /opt/chefdk/embedded/lib/ruby/gems/2.6.0/gems/test-kitchen-2.3.4/lib/kitchen/instance.rb:129:in `create'
E, [2020-06-01T06:37:20.457986 #3644] ERROR -- Kitchen: /opt/chefdk/embedded/lib/ruby/gems/2.6.0/gems/test-kitchen-2.3.4/lib/kitchen/command.rb:198:in `public_send'
E, [2020-06-01T06:37:20.457999 #3644] ERROR -- Kitchen: /opt/chefdk/embedded/lib/ruby/gems/2.6.0/gems/test-kitchen-2.3.4/lib/kitchen/command.rb:198:in `run_action_in_thread'
E, [2020-06-01T06:37:20.458019 #3644] ERROR -- Kitchen: /opt/chefdk/embedded/lib/ruby/gems/2.6.0/gems/test-kitchen-2.3.4/lib/kitchen/command.rb:169:in `block (2 levels) in run_action'
E, [2020-06-01T06:37:20.458032 #3644] ERROR -- Kitchen: /opt/chefdk/embedded/lib/ruby/gems/2.6.0/gems/logging-2.2.2/lib/logging/diagnostic_context.rb:474:in `block in create_with_logging_context'
E, [2020-06-01T06:37:20.458045 #3644] ERROR -- Kitchen: ----End Backtrace-----
E, [2020-06-01T06:37:20.459194 #3644] ERROR -- Kitchen: ---Nested Exception---
E, [2020-06-01T06:37:20.459215 #3644] ERROR -- Kitchen: Class: Kitchen::ActionFailed
E, [2020-06-01T06:37:20.459229 #3644] ERROR -- Kitchen: Message: Failed to complete #create action: [unable to sign request without credentials set]
E, [2020-06-01T06:37:20.459244 #3644] ERROR -- Kitchen: ----------------------
E, [2020-06-01T06:37:20.459258 #3644] ERROR -- Kitchen: ------Backtrace-------
E, [2020-06-01T06:37:20.459271 #3644] ERROR -- Kitchen: /opt/chefdk/embedded/lib/ruby/gems/2.6.0/gems/aws-sdk-core-3.89.1/lib/aws-sdk-core/plugins/signature_v4.rb:72:in `sign_request'
E, [2020-06-01T06:37:20.459289 #3644] ERROR -- Kitchen: /opt/chefdk/embedded/lib/ruby/gems/2.6.0/gems/aws-sdk-core-3.89.1/lib/aws-sdk-core/plugins/signature_v4.rb:112:in `apply_signature'
E, [2020-06-01T06:37:20.459304 #3644] ERROR -- Kitchen: /opt/chefdk/embedded/lib/ruby/gems/2.6.0/gems/aws-sdk-core-3.89.1/lib/aws-sdk-core/plugins/signature_v4.rb:65:in `call'
E, [2020-06-01T06:37:20.459318 #3644] ERROR -- Kitchen: /opt/chefdk/embedded/lib/ruby/gems/2.6.0/gems/aws-sdk-core-3.89.1/lib/aws-sdk-core/plugins/transfer_encoding.rb:26:in `call'
E, [2020-06-01T06:37:20.459331 #3644] ERROR -- Kitchen: /opt/chefdk/embedded/lib/ruby/gems/2.6.0/gems/aws-sdk-core-3.89.1/lib/aws-sdk-core/plugins/helpful_socket_errors.rb:10:in `call'
E, [2020-06-01T06:37:20.459345 #3644] ERROR -- Kitchen: /opt/chefdk/embedded/lib/ruby/gems/2.6.0/gems/aws-sdk-core-3.89.1/lib/aws-sdk-core/plugins/retry_errors.rb:177:in `call'
E, [2020-06-01T06:37:20.459358 #3644] ERROR -- Kitchen: /opt/chefdk/embedded/lib/ruby/gems/2.6.0/gems/aws-sdk-core-3.89.1/lib/aws-sdk-core/query/handler.rb:28:in `call'
E, [2020-06-01T06:37:20.459372 #3644] ERROR -- Kitchen: /opt/chefdk/embedded/lib/ruby/gems/2.6.0/gems/aws-sdk-core-3.89.1/lib/aws-sdk-core/plugins/user_agent.rb:11:in `call'
E, [2020-06-01T06:37:20.459386 #3644] ERROR -- Kitchen: /opt/chefdk/embedded/lib/ruby/gems/2.6.0/gems/aws-sdk-core-3.89.1/lib/aws-sdk-core/plugins/endpoint_pattern.rb:28:in `call'
E, [2020-06-01T06:37:20.459399 #3644] ERROR -- Kitchen: /opt/chefdk/embedded/lib/ruby/gems/2.6.0/gems/aws-sdk-core-3.89.1/lib/aws-sdk-core/plugins/endpoint_discovery.rb:78:in `call'
E, [2020-06-01T06:37:20.459414 #3644] ERROR -- Kitchen: /opt/chefdk/embedded/lib/ruby/gems/2.6.0/gems/aws-sdk-core-3.89.1/lib/seahorse/client/plugins/endpoint.rb:45:in `call'
E, [2020-06-01T06:37:20.459427 #3644] ERROR -- Kitchen: /opt/chefdk/embedded/lib/ruby/gems/2.6.0/gems/aws-sdk-core-3.89.1/lib/aws-sdk-core/plugins/param_validator.rb:24:in `call'
E, [2020-06-01T06:37:20.459441 #3644] ERROR -- Kitchen: /opt/chefdk/embedded/lib/ruby/gems/2.6.0/gems/aws-sdk-core-3.89.1/lib/seahorse/client/plugins/raise_response_errors.rb:14:in `call'
E, [2020-06-01T06:37:20.459455 #3644] ERROR -- Kitchen: /opt/chefdk/embedded/lib/ruby/gems/2.6.0/gems/aws-sdk-core-3.89.1/lib/aws-sdk-core/plugins/jsonvalue_converter.rb:20:in `call'
E, [2020-06-01T06:37:20.459469 #3644] ERROR -- Kitchen: /opt/chefdk/embedded/lib/ruby/gems/2.6.0/gems/aws-sdk-core-3.89.1/lib/aws-sdk-core/plugins/idempotency_token.rb:17:in `call'
E, [2020-06-01T06:37:20.459483 #3644] ERROR -- Kitchen: /opt/chefdk/embedded/lib/ruby/gems/2.6.0/gems/aws-sdk-core-3.89.1/lib/aws-sdk-core/plugins/param_converter.rb:24:in `call'
E, [2020-06-01T06:37:20.459497 #3644] ERROR -- Kitchen: /opt/chefdk/embedded/lib/ruby/gems/2.6.0/gems/aws-sdk-core-3.89.1/lib/aws-sdk-core/plugins/response_paging.rb:10:in `call'
E, [2020-06-01T06:37:20.459511 #3644] ERROR -- Kitchen: /opt/chefdk/embedded/lib/ruby/gems/2.6.0/gems/aws-sdk-core-3.89.1/lib/seahorse/client/plugins/response_target.rb:23:in `call'
E, [2020-06-01T06:37:20.459524 #3644] ERROR -- Kitchen: /opt/chefdk/embedded/lib/ruby/gems/2.6.0/gems/aws-sdk-core-3.89.1/lib/seahorse/client/request.rb:70:in `send_request'
E, [2020-06-01T06:37:20.459538 #3644] ERROR -- Kitchen: /opt/chefdk/embedded/lib/ruby/gems/2.6.0/gems/aws-sdk-ec2-1.137.0/lib/aws-sdk-ec2/client.rb:14985:in `describe_images'
E, [2020-06-01T06:37:20.459551 #3644] ERROR -- Kitchen: /opt/chefdk/embedded/lib/ruby/gems/2.6.0/gems/aws-sdk-ec2-1.137.0/lib/aws-sdk-ec2/image.rb:196:in `load'
E, [2020-06-01T06:37:20.459565 #3644] ERROR -- Kitchen: /opt/chefdk/embedded/lib/ruby/gems/2.6.0/gems/aws-sdk-ec2-1.137.0/lib/aws-sdk-ec2/image.rb:206:in `data'
E, [2020-06-01T06:37:20.459578 #3644] ERROR -- Kitchen: /opt/chefdk/embedded/lib/ruby/gems/2.6.0/gems/aws-sdk-ec2-1.137.0/lib/aws-sdk-ec2/image.rb:141:in `name'
E, [2020-06-01T06:37:20.459591 #3644] ERROR -- Kitchen: /opt/chefdk/embedded/lib/ruby/gems/2.6.0/gems/kitchen-ec2-3.3.0/lib/kitchen/driver/ec2.rb:753:in `show_chosen_image'
E, [2020-06-01T06:37:20.459607 #3644] ERROR -- Kitchen: /opt/chefdk/embedded/lib/ruby/gems/2.6.0/gems/kitchen-ec2-3.3.0/lib/kitchen/driver/ec2.rb:330:in `image'
E, [2020-06-01T06:37:20.459622 #3644] ERROR -- Kitchen: /opt/chefdk/embedded/lib/ruby/gems/2.6.0/gems/kitchen-ec2-3.3.0/lib/kitchen/driver/ec2.rb:356:in `actual_platform'
E, [2020-06-01T06:37:20.459635 #3644] ERROR -- Kitchen: /opt/chefdk/embedded/lib/ruby/gems/2.6.0/gems/kitchen-ec2-3.3.0/lib/kitchen/driver/ec2.rb:386:in `update_username'
E, [2020-06-01T06:37:20.459648 #3644] ERROR -- Kitchen: /opt/chefdk/embedded/lib/ruby/gems/2.6.0/gems/kitchen-ec2-3.3.0/lib/kitchen/driver/ec2.rb:200:in `create'
E, [2020-06-01T06:37:20.459662 #3644] ERROR -- Kitchen: /opt/chefdk/embedded/lib/ruby/gems/2.6.0/gems/test-kitchen-2.3.4/lib/kitchen/instance.rb:485:in `public_send'
E, [2020-06-01T06:37:20.459675 #3644] ERROR -- Kitchen: /opt/chefdk/embedded/lib/ruby/gems/2.6.0/gems/test-kitchen-2.3.4/lib/kitchen/instance.rb:485:in `block in perform_action'
E, [2020-06-01T06:37:20.459688 #3644] ERROR -- Kitchen: /opt/chefdk/embedded/lib/ruby/gems/2.6.0/gems/test-kitchen-2.3.4/lib/kitchen/instance.rb:552:in `synchronize_or_call'
E, [2020-06-01T06:37:20.459702 #3644] ERROR -- Kitchen: /opt/chefdk/embedded/lib/ruby/gems/2.6.0/gems/test-kitchen-2.3.4/lib/kitchen/instance.rb:514:in `block in action'
E, [2020-06-01T06:37:20.459715 #3644] ERROR -- Kitchen: /opt/chefdk/embedded/lib/ruby/2.6.0/benchmark.rb:293:in `measure'
E, [2020-06-01T06:37:20.459728 #3644] ERROR -- Kitchen: /opt/chefdk/embedded/lib/ruby/gems/2.6.0/gems/test-kitchen-2.3.4/lib/kitchen/instance.rb:513:in `action'
E, [2020-06-01T06:37:20.459742 #3644] ERROR -- Kitchen: /opt/chefdk/embedded/lib/ruby/gems/2.6.0/gems/test-kitchen-2.3.4/lib/kitchen/instance.rb:485:in `perform_action'
E, [2020-06-01T06:37:20.459755 #3644] ERROR -- Kitchen: /opt/chefdk/embedded/lib/ruby/gems/2.6.0/gems/test-kitchen-2.3.4/lib/kitchen/instance.rb:394:in `create_action'
E, [2020-06-01T06:37:20.459768 #3644] ERROR -- Kitchen: /opt/chefdk/embedded/lib/ruby/gems/2.6.0/gems/test-kitchen-2.3.4/lib/kitchen/instance.rb:382:in `block (2 levels) in transition_to'
E, [2020-06-01T06:37:20.459782 #3644] ERROR -- Kitchen: /opt/chefdk/embedded/lib/ruby/gems/2.6.0/gems/test-kitchen-2.3.4/lib/kitchen/lifecycle_hooks.rb:45:in `run_with_hooks'
E, [2020-06-01T06:37:20.459795 #3644] ERROR -- Kitchen: /opt/chefdk/embedded/lib/ruby/gems/2.6.0/gems/test-kitchen-2.3.4/lib/kitchen/instance.rb:381:in `block in transition_to'
E, [2020-06-01T06:37:20.459808 #3644] ERROR -- Kitchen: /opt/chefdk/embedded/lib/ruby/gems/2.6.0/gems/test-kitchen-2.3.4/lib/kitchen/instance.rb:380:in `each'
E, [2020-06-01T06:37:20.459821 #3644] ERROR -- Kitchen: /opt/chefdk/embedded/lib/ruby/gems/2.6.0/gems/test-kitchen-2.3.4/lib/kitchen/instance.rb:380:in `transition_to'
E, [2020-06-01T06:37:20.459834 #3644] ERROR -- Kitchen: /opt/chefdk/embedded/lib/ruby/gems/2.6.0/gems/test-kitchen-2.3.4/lib/kitchen/instance.rb:129:in `create'
E, [2020-06-01T06:37:20.459847 #3644] ERROR -- Kitchen: /opt/chefdk/embedded/lib/ruby/gems/2.6.0/gems/test-kitchen-2.3.4/lib/kitchen/command.rb:198:in `public_send'
E, [2020-06-01T06:37:20.459861 #3644] ERROR -- Kitchen: /opt/chefdk/embedded/lib/ruby/gems/2.6.0/gems/test-kitchen-2.3.4/lib/kitchen/command.rb:198:in `run_action_in_thread'
E, [2020-06-01T06:37:20.459874 #3644] ERROR -- Kitchen: /opt/chefdk/embedded/lib/ruby/gems/2.6.0/gems/test-kitchen-2.3.4/lib/kitchen/command.rb:169:in `block (2 levels) in run_action'
E, [2020-06-01T06:37:20.459887 #3644] ERROR -- Kitchen: /opt/chefdk/embedded/lib/ruby/gems/2.6.0/gems/logging-2.2.2/lib/logging/diagnostic_context.rb:474:in `block in create_with_logging_context'
E, [2020-06-01T06:37:20.459901 #3644] ERROR -- Kitchen: ----End Backtrace-----
